<?xml version="1.0" encoding="UTF-8"?>
<!-- Generated by org.testng.reporters.JUnitReportReporter -->
<testsuite hostname="DESKTOP-36H0BPK" failures="0" tests="1" name="pkg1.Login" time="10.587" errors="0" timestamp="2024-02-26T10:36:07 IST" skipped="0">
  <testcase classname="pkg1.Login" name="loginWithValidUsername" time="10.587"/>
</testsuite> <!-- pkg1.Login -->
