<?xml version="1.0" encoding="UTF-8"?>
<!-- Generated by org.testng.reporters.JUnitReportReporter -->
<testsuite hostname="DESKTOP-36H0BPK" failures="0" tests="2" name="testcases.Register" time="51.411" errors="0" timestamp="2024-02-29T17:27:29 IST" skipped="0">
  <testcase classname="testcases.Register" name="RegisterWithMandateFields" time="13.007"/>
  <testcase classname="testcases.Register" name="RegisterWithAllfields" time="38.404"/>
</testsuite> <!-- testcases.Register -->
