<?xml version="1.0" encoding="UTF-8"?>
<!-- Generated by org.testng.reporters.JUnitReportReporter -->
<testsuite hostname="DESKTOP-36H0BPK" failures="0" tests="2" name="testcases.Search" time="25.045" errors="0" timestamp="2024-02-28T16:48:11 IST" skipped="0">
  <testcase classname="testcases.Search" name="searchWithEmptyFields" time="16.663"/>
  <testcase classname="testcases.Search" name="searchWithValidProducts" time="8.382"/>
</testsuite> <!-- testcases.Search -->
